<?xml version="1.0" encoding="UTF-8"?>
<testsuite name="nopcom"
           tests="3"
           failures="0"
           errors="0"
           skipped="0"
           time="9.972">
  <properties />
  
  
            <testcase name="verifyUserShouldNavigateToRegisterPageSuccessfully" time="2.022" classname="com.nopcommerce.testsuite.RegisterPageTest" />
                <testcase name="verifyThatFirstNameLastNameEmailPasswordAndConfirmPasswordFieldsAreMandatory" time="2.248" classname="com.nopcommerce.testsuite.RegisterPageTest" />
                <testcase name="VerifyThatUserShouldCreateAccountSuccessfully" time="5.702" classname="com.nopcommerce.testsuite.RegisterPageTest" />
      
</testsuite>
