<?xml version="1.0" encoding="UTF-8"?>
<testsuite name="nopcom"
           tests="5"
           failures="0"
           errors="0"
           skipped="0"
           time="20.634">
  <properties />
  
  
            <testcase name="VerifyThatUserShouldBuildYouOwnComputerAndAddThemToCartSuccessfully" time="5.218" classname="com.nopcommerce.testsuite.ComputerPageTest" />
                <testcase name="VerifyThatUserShouldBuildYouOwnComputerAndAddThemToCartSuccessfully" time="6.146" classname="com.nopcommerce.testsuite.ComputerPageTest" />
                <testcase name="verifyUserShouldNavigateToComputerPageSuccessfully" time="1.905" classname="com.nopcommerce.testsuite.ComputerPageTest" />
                <testcase name="verifyUserShouldNavigateToDesktopsPageSuccessfully" time="2.097" classname="com.nopcommerce.testsuite.ComputerPageTest" />
                <testcase name="VerifyThatUserShouldBuildYouOwnComputerAndAddThemToCartSuccessfully" time="5.268" classname="com.nopcommerce.testsuite.ComputerPageTest" />
      
</testsuite>
